<?xml version="1.0" encoding="UTF-8"?>
<!-- Generated by org.testng.reporters.JUnitReportReporter -->
<testsuite hostname="Chaitanya" failures="0" tests="2" name="com.insuranceCalculation_Motorcycle.EndToEndTests_Motorcycle" time="13.407" errors="0" timestamp="2022-07-13T21:11:44 IST" skipped="0">
  <testcase classname="com.insuranceCalculation_Motorcycle.EndToEndTests_Motorcycle" name="insuranceCalculate_VolvoMotor" time="6.492"/>
  <system-out/>
  <testcase classname="com.insuranceCalculation_Motorcycle.EndToEndTests_Motorcycle" name="insuranceCalculate_FordMotor" time="6.915"/>
  <system-out/>
</testsuite> <!-- com.insuranceCalculation_Motorcycle.EndToEndTests_Motorcycle -->
