<?xml version="1.0" encoding="UTF-8"?>
<!-- Generated by org.testng.reporters.JUnitReportReporter -->
<testsuite hostname="Chaitanya" failures="0" tests="2" name="com.practice.tests.LoginTest1" time="0.018" errors="0" timestamp="2022-07-13T16:45:52 IST" skipped="0">
  <testcase classname="com.practice.tests.LoginTest1" name="failTest" time="0.017"/>
  <system-out/>
  <testcase classname="com.practice.tests.LoginTest1" name="passTest" time="0.001"/>
  <system-out/>
</testsuite> <!-- com.practice.tests.LoginTest1 -->
