<?xml version="1.0" encoding="UTF-8"?>
<!-- Generated by org.testng.reporters.JUnitReportReporter -->
<testsuite hostname="Chaitanya" failures="0" tests="3" name="com.demo.insuranceCalculation_Motorcycle.ErrorTests_Motorcycle" time="36.886" errors="0" timestamp="2022-07-21T22:28:07 IST" skipped="2">
  <testcase classname="com.demo.insuranceCalculation_Motorcycle.ErrorTests_Motorcycle" name="verify_model_dropdown_options" time="36.886"/>
  <system-out/>
  <testcase classname="com.demo.insuranceCalculation_Motorcycle.ErrorTests_Motorcycle" name="errorMessage_CylinderCapacityField1">
    <skipped/>
  </testcase> <!-- errorMessage_CylinderCapacityField1 -->
  <system-out/>
  <testcase classname="com.demo.insuranceCalculation_Motorcycle.ErrorTests_Motorcycle" name="errorMessage_CylinderCapacityField">
    <skipped/>
  </testcase> <!-- errorMessage_CylinderCapacityField -->
  <system-out/>
</testsuite> <!-- com.demo.insuranceCalculation_Motorcycle.ErrorTests_Motorcycle -->
